# JRE version: Java(TM) SE Runtime Environment (20.0.2+9) (build 20.0.2+9-78)
# Java VM: Java HotSpot(TM) 64-Bit Server VM (20.0.2+9-78, mixed mode, sharing, tiered, compressed oops, compressed class ptrs, g1 gc, windows-amd64)
GC Precious Log:
 CardTable entry size: 512
 Card Set container configuration: InlinePtr #cards 5 size 8 Array Of Cards #cards 12 size 40 Howl #buckets 4 coarsen threshold 1843 Howl Bitmap #cards 512 size 80 coarsen threshold 460 Card regions per heap region 1 cards per card region 2048
 CPUs: 12 total, 12 available
 Memory: 7893M
 Large Page Support: Disabled
 NUMA Support: Disabled
 Compressed Oops: Enabled (32-bit)
 Heap Region Size: 1M
 Heap Min Capacity: 8M
 Heap Initial Capacity: 124M
 Heap Max Capacity: 1974M
 Pre-touch: Disabled
 Parallel Workers: 10
 Concurrent Workers: 3
 Concurrent Refinement Workers: 10
 Periodic GC: Disabled
Heap:
 garbage-first heap   total 103424K, used 44267K [0x0000000084a00000, 0x0000000100000000)
  region size 1024K, 9 young (9216K), 1 survivors (1024K)
 Metaspace       used 79649K, committed 80448K, reserved 1179648K
  class space    used 10530K, committed 10880K, reserved 1048576K
GC Heap History (20 events):
Event: 42.818 GC heap before
{Heap before GC invocations=54 (full 0):
 garbage-first heap   total 103424K, used 94588K [0x0000000084a00000, 0x0000000100000000)
  region size 1024K, 57 young (58368K), 1 survivors (1024K)
 Metaspace       used 79647K, committed 80448K, reserved 1179648K
  class space    used 10530K, committed 10880K, reserved 1048576K
}
Event: 42.819 GC heap after
{Heap after GC invocations=55 (full 0):
 garbage-first heap   total 103424K, used 38403K [0x0000000084a00000, 0x0000000100000000)
  region size 1024K, 1 young (1024K), 1 survivors (1024K)
 Metaspace       used 79647K, committed 80448K, reserved 1179648K
  class space    used 10530K, committed 10880K, reserved 1048576K
}
Event: 43.422 GC heap before
{Heap before GC invocations=56 (full 0):
 garbage-first heap   total 103424K, used 93699K [0x0000000084a00000, 0x0000000100000000)
  region size 1024K, 56 young (57344K), 1 survivors (1024K)
 Metaspace       used 79648K, committed 80448K, reserved 1179648K
  class space    used 10530K, committed 10880K, reserved 1048576K
}
Event: 43.424 GC heap after
{Heap after GC invocations=57 (full 0):
 garbage-first heap   total 103424K, used 38390K [0x0000000084a00000, 0x0000000100000000)
  region size 1024K, 1 young (1024K), 1 survivors (1024K)
 Metaspace       used 79648K, committed 80448K, reserved 1179648K
  class space    used 10530K, committed 10880K, reserved 1048576K
}
Event: 44.215 GC heap before
{Heap before GC invocations=57 (full 0):
 garbage-first heap   total 103424K, used 93686K [0x0000000084a00000, 0x0000000100000000)
  region size 1024K, 56 young (57344K), 1 survivors (1024K)
 Metaspace       used 79648K, committed 80448K, reserved 1179648K
  class space    used 10530K, committed 10880K, reserved 1048576K
}
Event: 44.217 GC heap after
{Heap after GC invocations=58 (full 0):
 garbage-first heap   total 103424K, used 38232K [0x0000000084a00000, 0x0000000100000000)
  region size 1024K, 1 young (1024K), 1 survivors (1024K)
 Metaspace       used 79648K, committed 80448K, reserved 1179648K
  class space    used 10530K, committed 10880K, reserved 1048576K
}
Event: 44.611 GC heap before
{Heap before GC invocations=58 (full 0):
 garbage-first heap   total 103424K, used 93528K [0x0000000084a00000, 0x0000000100000000)
  region size 1024K, 56 young (57344K), 1 survivors (1024K)
 Metaspace       used 79648K, committed 80448K, reserved 1179648K
  class space    used 10530K, committed 10880K, reserved 1048576K
}
Event: 44.612 GC heap after
{Heap after GC invocations=59 (full 0):
 garbage-first heap   total 103424K, used 38259K [0x0000000084a00000, 0x0000000100000000)
  region size 1024K, 1 young (1024K), 1 survivors (1024K)
 Metaspace       used 79648K, committed 80448K, reserved 1179648K
  class space    used 10530K, committed 10880K, reserved 1048576K
}
Event: 45.105 GC heap before
{Heap before GC invocations=60 (full 0):
 garbage-first heap   total 103424K, used 93555K [0x0000000084a00000, 0x0000000100000000)
  region size 1024K, 56 young (57344K), 1 survivors (1024K)
 Metaspace       used 79648K, committed 80448K, reserved 1179648K
  class space    used 10530K, committed 10880K, reserved 1048576K
}
Event: 45.106 GC heap after
{Heap after GC invocations=61 (full 0):
 garbage-first heap   total 103424K, used 38317K [0x0000000084a00000, 0x0000000100000000)
  region size 1024K, 1 young (1024K), 1 survivors (1024K)
 Metaspace       used 79648K, committed 80448K, reserved 1179648K
  class space    used 10530K, committed 10880K, reserved 1048576K
}
Event: 45.535 GC heap before
{Heap before GC invocations=61 (full 0):
 garbage-first heap   total 103424K, used 93613K [0x0000000084a00000, 0x0000000100000000)
  region size 1024K, 56 young (57344K), 1 survivors (1024K)
 Metaspace       used 79648K, committed 80448K, reserved 1179648K
  class space    used 10530K, committed 10880K, reserved 1048576K
}
Event: 45.540 GC heap after
{Heap after GC invocations=62 (full 0):
 garbage-first heap   total 103424K, used 38222K [0x0000000084a00000, 0x0000000100000000)
  region size 1024K, 1 young (1024K), 1 survivors (1024K)
 Metaspace       used 79648K, committed 80448K, reserved 1179648K
  class space    used 10530K, committed 10880K, reserved 1048576K
}
Event: 45.977 GC heap before
{Heap before GC invocations=62 (full 0):
 garbage-first heap   total 103424K, used 93518K [0x0000000084a00000, 0x0000000100000000)
  region size 1024K, 56 young (57344K), 1 survivors (1024K)
 Metaspace       used 79648K, committed 80448K, reserved 1179648K
  class space    used 10530K, committed 10880K, reserved 1048576K
}
Event: 45.978 GC heap after
{Heap after GC invocations=63 (full 0):
 garbage-first heap   total 103424K, used 38236K [0x0000000084a00000, 0x0000000100000000)
  region size 1024K, 1 young (1024K), 1 survivors (1024K)
 Metaspace       used 79648K, committed 80448K, reserved 1179648K
  class space    used 10530K, committed 10880K, reserved 1048576K
}
Event: 46.397 GC heap before
{Heap before GC invocations=64 (full 0):
 garbage-first heap   total 103424K, used 93532K [0x0000000084a00000, 0x0000000100000000)
  region size 1024K, 56 young (57344K), 1 survivors (1024K)
 Metaspace       used 79648K, committed 80448K, reserved 1179648K
  class space    used 10530K, committed 10880K, reserved 1048576K
}
Event: 46.397 GC heap after
{Heap after GC invocations=65 (full 0):
 garbage-first heap   total 103424K, used 38237K [0x0000000084a00000, 0x0000000100000000)
  region size 1024K, 1 young (1024K), 1 survivors (1024K)
 Metaspace       used 79648K, committed 80448K, reserved 1179648K
  class space    used 10530K, committed 10880K, reserved 1048576K
}
Event: 47.766 GC heap before
{Heap before GC invocations=65 (full 0):
 garbage-first heap   total 103424K, used 93533K [0x0000000084a00000, 0x0000000100000000)
  region size 1024K, 56 young (57344K), 1 survivors (1024K)
 Metaspace       used 79648K, committed 80448K, reserved 1179648K
  class space    used 10530K, committed 10880K, reserved 1048576K
}
Event: 47.780 GC heap after
{Heap after GC invocations=66 (full 0):
 garbage-first heap   total 103424K, used 38135K [0x0000000084a00000, 0x0000000100000000)
  region size 1024K, 1 young (1024K), 1 survivors (1024K)
 Metaspace       used 79648K, committed 80448K, reserved 1179648K
  class space    used 10530K, committed 10880K, reserved 1048576K
}
Event: 48.350 GC heap before
{Heap before GC invocations=66 (full 0):
 garbage-first heap   total 103424K, used 94455K [0x0000000084a00000, 0x0000000100000000)
  region size 1024K, 57 young (58368K), 1 survivors (1024K)
 Metaspace       used 79649K, committed 80448K, reserved 1179648K
  class space    used 10530K, committed 10880K, reserved 1048576K
}
Event: 48.351 GC heap after
{Heap after GC invocations=67 (full 0):
 garbage-first heap   total 103424K, used 38123K [0x0000000084a00000, 0x0000000100000000)
  region size 1024K, 1 young (1024K), 1 survivors (1024K)
 Metaspace       used 79649K, committed 80448K, reserved 1179648K
  class space    used 10530K, committed 10880K, reserved 1048576K
}

