# JRE version: Java(TM) SE Runtime Environment (20.0.2+9) (build 20.0.2+9-78)
# Java VM: Java HotSpot(TM) 64-Bit Server VM (20.0.2+9-78, mixed mode, sharing, tiered, compressed oops, compressed class ptrs, g1 gc, windows-amd64)
GC Precious Log:
 CardTable entry size: 512
 Card Set container configuration: InlinePtr #cards 5 size 8 Array Of Cards #cards 12 size 40 Howl #buckets 4 coarsen threshold 1843 Howl Bitmap #cards 512 size 80 coarsen threshold 460 Card regions per heap region 1 cards per card region 2048
 CPUs: 12 total, 12 available
 Memory: 7893M
 Large Page Support: Disabled
 NUMA Support: Disabled
 Compressed Oops: Enabled (32-bit)
 Heap Region Size: 1M
 Heap Min Capacity: 8M
 Heap Initial Capacity: 124M
 Heap Max Capacity: 1974M
 Pre-touch: Disabled
 Parallel Workers: 10
 Concurrent Workers: 3
 Concurrent Refinement Workers: 10
 Periodic GC: Disabled
Heap:
 garbage-first heap   total 96256K, used 41705K [0x0000000084a00000, 0x0000000100000000)
  region size 1024K, 6 young (6144K), 1 survivors (1024K)
 Metaspace       used 81203K, committed 81984K, reserved 1179648K
  class space    used 10715K, committed 11072K, reserved 1048576K
GC Heap History (20 events):
Event: 100.639 GC heap before
{Heap before GC invocations=78 (full 0):
 garbage-first heap   total 96256K, used 86738K [0x0000000084a00000, 0x0000000100000000)
  region size 1024K, 49 young (50176K), 1 survivors (1024K)
 Metaspace       used 81202K, committed 81984K, reserved 1179648K
  class space    used 10715K, committed 11072K, reserved 1048576K
}
Event: 100.640 GC heap after
{Heap after GC invocations=79 (full 0):
 garbage-first heap   total 96256K, used 38545K [0x0000000084a00000, 0x0000000100000000)
  region size 1024K, 1 young (1024K), 1 survivors (1024K)
 Metaspace       used 81202K, committed 81984K, reserved 1179648K
  class space    used 10715K, committed 11072K, reserved 1048576K
}
Event: 100.939 GC heap before
{Heap before GC invocations=79 (full 0):
 garbage-first heap   total 96256K, used 86673K [0x0000000084a00000, 0x0000000100000000)
  region size 1024K, 49 young (50176K), 1 survivors (1024K)
 Metaspace       used 81203K, committed 81984K, reserved 1179648K
  class space    used 10715K, committed 11072K, reserved 1048576K
}
Event: 100.939 GC heap after
{Heap after GC invocations=80 (full 0):
 garbage-first heap   total 96256K, used 38634K [0x0000000084a00000, 0x0000000100000000)
  region size 1024K, 1 young (1024K), 1 survivors (1024K)
 Metaspace       used 81203K, committed 81984K, reserved 1179648K
  class space    used 10715K, committed 11072K, reserved 1048576K
}
Event: 101.184 GC heap before
{Heap before GC invocations=81 (full 0):
 garbage-first heap   total 96256K, used 86762K [0x0000000084a00000, 0x0000000100000000)
  region size 1024K, 49 young (50176K), 1 survivors (1024K)
 Metaspace       used 81203K, committed 81984K, reserved 1179648K
  class space    used 10715K, committed 11072K, reserved 1048576K
}
Event: 101.185 GC heap after
{Heap after GC invocations=82 (full 0):
 garbage-first heap   total 96256K, used 38656K [0x0000000084a00000, 0x0000000100000000)
  region size 1024K, 1 young (1024K), 1 survivors (1024K)
 Metaspace       used 81203K, committed 81984K, reserved 1179648K
  class space    used 10715K, committed 11072K, reserved 1048576K
}
Event: 101.442 GC heap before
{Heap before GC invocations=82 (full 0):
 garbage-first heap   total 96256K, used 86784K [0x0000000084a00000, 0x0000000100000000)
  region size 1024K, 49 young (50176K), 1 survivors (1024K)
 Metaspace       used 81203K, committed 81984K, reserved 1179648K
  class space    used 10715K, committed 11072K, reserved 1048576K
}
Event: 101.443 GC heap after
{Heap after GC invocations=83 (full 0):
 garbage-first heap   total 96256K, used 38679K [0x0000000084a00000, 0x0000000100000000)
  region size 1024K, 1 young (1024K), 1 survivors (1024K)
 Metaspace       used 81203K, committed 81984K, reserved 1179648K
  class space    used 10715K, committed 11072K, reserved 1048576K
}
Event: 101.680 GC heap before
{Heap before GC invocations=84 (full 0):
 garbage-first heap   total 96256K, used 86807K [0x0000000084a00000, 0x0000000100000000)
  region size 1024K, 49 young (50176K), 1 survivors (1024K)
 Metaspace       used 81203K, committed 81984K, reserved 1179648K
  class space    used 10715K, committed 11072K, reserved 1048576K
}
Event: 101.680 GC heap after
{Heap after GC invocations=85 (full 0):
 garbage-first heap   total 96256K, used 38635K [0x0000000084a00000, 0x0000000100000000)
  region size 1024K, 1 young (1024K), 1 survivors (1024K)
 Metaspace       used 81203K, committed 81984K, reserved 1179648K
  class space    used 10715K, committed 11072K, reserved 1048576K
}
Event: 101.977 GC heap before
{Heap before GC invocations=85 (full 0):
 garbage-first heap   total 96256K, used 86763K [0x0000000084a00000, 0x0000000100000000)
  region size 1024K, 49 young (50176K), 1 survivors (1024K)
 Metaspace       used 81203K, committed 81984K, reserved 1179648K
  class space    used 10715K, committed 11072K, reserved 1048576K
}
Event: 101.978 GC heap after
{Heap after GC invocations=86 (full 0):
 garbage-first heap   total 96256K, used 38636K [0x0000000084a00000, 0x0000000100000000)
  region size 1024K, 1 young (1024K), 1 survivors (1024K)
 Metaspace       used 81203K, committed 81984K, reserved 1179648K
  class space    used 10715K, committed 11072K, reserved 1048576K
}
Event: 102.229 GC heap before
{Heap before GC invocations=87 (full 0):
 garbage-first heap   total 96256K, used 86764K [0x0000000084a00000, 0x0000000100000000)
  region size 1024K, 49 young (50176K), 1 survivors (1024K)
 Metaspace       used 81203K, committed 81984K, reserved 1179648K
  class space    used 10715K, committed 11072K, reserved 1048576K
}
Event: 102.230 GC heap after
{Heap after GC invocations=88 (full 0):
 garbage-first heap   total 96256K, used 38640K [0x0000000084a00000, 0x0000000100000000)
  region size 1024K, 1 young (1024K), 1 survivors (1024K)
 Metaspace       used 81203K, committed 81984K, reserved 1179648K
  class space    used 10715K, committed 11072K, reserved 1048576K
}
Event: 102.519 GC heap before
{Heap before GC invocations=88 (full 0):
 garbage-first heap   total 96256K, used 86768K [0x0000000084a00000, 0x0000000100000000)
  region size 1024K, 49 young (50176K), 1 survivors (1024K)
 Metaspace       used 81203K, committed 81984K, reserved 1179648K
  class space    used 10715K, committed 11072K, reserved 1048576K
}
Event: 102.520 GC heap after
{Heap after GC invocations=89 (full 0):
 garbage-first heap   total 96256K, used 38697K [0x0000000084a00000, 0x0000000100000000)
  region size 1024K, 1 young (1024K), 1 survivors (1024K)
 Metaspace       used 81203K, committed 81984K, reserved 1179648K
  class space    used 10715K, committed 11072K, reserved 1048576K
}
Event: 102.761 GC heap before
{Heap before GC invocations=90 (full 0):
 garbage-first heap   total 96256K, used 86825K [0x0000000084a00000, 0x0000000100000000)
  region size 1024K, 49 young (50176K), 1 survivors (1024K)
 Metaspace       used 81203K, committed 81984K, reserved 1179648K
  class space    used 10715K, committed 11072K, reserved 1048576K
}
Event: 102.761 GC heap after
{Heap after GC invocations=91 (full 0):
 garbage-first heap   total 96256K, used 38652K [0x0000000084a00000, 0x0000000100000000)
  region size 1024K, 1 young (1024K), 1 survivors (1024K)
 Metaspace       used 81203K, committed 81984K, reserved 1179648K
  class space    used 10715K, committed 11072K, reserved 1048576K
}
Event: 103.061 GC heap before
{Heap before GC invocations=91 (full 0):
 garbage-first heap   total 96256K, used 86780K [0x0000000084a00000, 0x0000000100000000)
  region size 1024K, 49 young (50176K), 1 survivors (1024K)
 Metaspace       used 81203K, committed 81984K, reserved 1179648K
  class space    used 10715K, committed 11072K, reserved 1048576K
}
Event: 103.062 GC heap after
{Heap after GC invocations=92 (full 0):
 garbage-first heap   total 96256K, used 38669K [0x0000000084a00000, 0x0000000100000000)
  region size 1024K, 1 young (1024K), 1 survivors (1024K)
 Metaspace       used 81203K, committed 81984K, reserved 1179648K
  class space    used 10715K, committed 11072K, reserved 1048576K
}

